{"level":"error","message":"404: Page Not Found!!","timestamp":"2014-10-13T00:06:48.107Z"}
{"level":"error","message":"404: Page Not Found!!","timestamp":"2014-10-13T00:07:30.271Z"}
{"level":"error","message":"404: Page Not Found!!","timestamp":"2014-10-13T00:20:40.278Z"}
{"level":"error","message":"404: Page Not Found!!","timestamp":"2014-10-13T00:20:43.784Z"}
{"level":"error","message":"404: Page Not Found!!","timestamp":"2014-10-13T00:21:09.706Z"}
{"level":"error","message":"404: Page Not Found!!","timestamp":"2014-10-13T00:21:19.870Z"}
{"level":"error","message":"404: Page Not Found!!","timestamp":"2014-10-13T00:31:19.805Z"}
{"level":"error","message":"404: Page Not Found!!","timestamp":"2014-10-13T00:32:27.204Z"}
{"level":"error","message":"404: Page Not Found!!","timestamp":"2014-10-13T00:35:01.570Z"}
{"level":"error","message":"404: Page Not Found!!","timestamp":"2014-10-21T01:18:57.557Z"}
{"level":"error","message":"404: Page Not Found!!","timestamp":"2014-10-21T01:19:26.748Z"}
{"level":"info","message":"Post.New Project","timestamp":"2014-10-21T01:19:26.795Z"}
{"level":"error","message":"404: Page Not Found!!","timestamp":"2014-10-21T01:19:42.733Z"}
{"level":"info","message":"Post.New Project","timestamp":"2014-10-21T01:19:42.759Z"}
{"level":"error","message":"404: Page Not Found!!","timestamp":"2014-10-21T01:21:49.035Z"}
{"level":"info","message":"Post.New Project","timestamp":"2014-10-21T01:21:49.072Z"}
{"level":"error","message":"404: Page Not Found!!","timestamp":"2014-10-21T01:23:53.835Z"}
{"level":"info","message":"Post.New Project","timestamp":"2014-10-21T01:23:53.864Z"}
{"level":"error","message":"404: Page Not Found!!","timestamp":"2014-10-21T01:24:15.012Z"}
{"level":"info","message":"Post.New Project","timestamp":"2014-10-21T01:24:15.046Z"}
{"level":"error","message":"404: Page Not Found!!","timestamp":"2014-10-21T01:24:30.101Z"}
{"level":"info","message":"Post.New Project","timestamp":"2014-10-21T01:24:30.126Z"}
{"level":"error","message":"404: Page Not Found!!","timestamp":"2014-10-21T01:24:34.686Z"}
{"level":"info","message":"Post.New Project","timestamp":"2014-10-21T01:24:34.713Z"}
{"level":"error","message":"404: Page Not Found!!","timestamp":"2014-10-21T01:25:04.266Z"}
{"level":"info","message":"Post.New Project","timestamp":"2014-10-21T01:25:04.298Z"}
{"level":"error","message":"404: Page Not Found!!","timestamp":"2014-10-21T01:25:08.258Z"}
{"level":"info","message":"Post.New Project","timestamp":"2014-10-21T01:25:08.284Z"}
{"level":"error","message":"404: Page Not Found!!","timestamp":"2014-10-21T01:25:41.073Z"}
{"level":"info","message":"Post.New Project","timestamp":"2014-10-21T01:25:41.101Z"}
{"level":"error","message":"404: Page Not Found!!","timestamp":"2014-10-21T01:26:30.600Z"}
{"level":"info","message":"Post.New Project","timestamp":"2014-10-21T01:26:30.622Z"}
{"level":"error","message":"404: Page Not Found!!","timestamp":"2014-10-27T00:20:39.038Z"}
{"level":"info","message":"Post.New Project","timestamp":"2014-10-27T00:20:39.625Z"}
{"level":"error","message":"404: Page Not Found!!","timestamp":"2014-10-27T00:21:25.495Z"}
{"level":"info","message":"Post.New Project","timestamp":"2014-10-27T00:21:25.580Z"}
{"level":"error","message":"404: Page Not Found!!","timestamp":"2014-10-27T00:21:40.164Z"}
{"level":"info","message":"Post.New Project","timestamp":"2014-10-27T00:21:40.204Z"}
{"level":"error","message":"404: Page Not Found!!","timestamp":"2014-10-27T00:22:19.092Z"}
{"level":"info","message":"Post.New Project","timestamp":"2014-10-27T00:22:19.133Z"}
{"level":"error","message":"404: Page Not Found!!","timestamp":"2014-10-27T00:23:53.160Z"}
{"level":"info","message":"Post.New Project","timestamp":"2014-10-27T00:23:53.200Z"}
{"level":"error","message":"404: Page Not Found!!","timestamp":"2014-10-27T00:24:24.880Z"}
{"level":"info","message":"Post.New Project","timestamp":"2014-10-27T00:24:24.909Z"}
{"level":"error","message":"404: Page Not Found!!","timestamp":"2014-10-27T00:24:43.379Z"}
{"level":"info","message":"Post.New Project","timestamp":"2014-10-27T00:24:43.405Z"}
{"level":"error","message":"404: Page Not Found!!","timestamp":"2014-10-27T00:25:04.668Z"}
{"level":"info","message":"Post.New Project","timestamp":"2014-10-27T00:25:04.702Z"}
{"level":"info","message":"Get. /544d90e0c49f510000d57a26","timestamp":"2014-10-27T00:25:04.720Z"}
{"level":"error","message":"404: Page Not Found!!","timestamp":"2014-10-27T00:25:17.745Z"}
{"level":"info","message":"Post.New Project","timestamp":"2014-10-27T00:25:17.773Z"}
{"level":"info","message":"Get. /544d90ed8028e5000034d66c","timestamp":"2014-10-27T00:25:17.793Z"}
{"level":"error","message":"404: Page Not Found!!","timestamp":"2014-10-27T00:25:24.868Z"}
{"level":"info","message":"Post.New Project","timestamp":"2014-10-27T00:25:24.928Z"}
{"level":"info","message":"Get. /544d90f4f8ef7000006fd4cd","timestamp":"2014-10-27T00:25:24.946Z"}
{"level":"error","message":"404: Page Not Found!!","timestamp":"2014-10-27T00:25:38.303Z"}
{"level":"info","message":"Post.New Project","timestamp":"2014-10-27T00:25:38.327Z"}
{"level":"info","message":"Get. /544d9102199feb000084b4bd","timestamp":"2014-10-27T00:25:38.343Z"}
{"level":"error","message":"404: Page Not Found!!","timestamp":"2014-10-27T00:25:41.702Z"}
{"level":"info","message":"Post.New Project","timestamp":"2014-10-27T00:25:41.727Z"}
{"level":"info","message":"Get. /544d91052ba9950000b73c1a","timestamp":"2014-10-27T00:25:41.743Z"}
{"level":"error","message":"404: Page Not Found!!","timestamp":"2014-10-27T00:25:44.160Z"}
{"level":"info","message":"Post.New Project","timestamp":"2014-10-27T00:25:44.198Z"}
{"level":"info","message":"Get. /544d9108bf7f7700006ebf66","timestamp":"2014-10-27T00:25:44.215Z"}
{"level":"error","message":"404: Page Not Found!!","timestamp":"2014-10-27T00:25:51.020Z"}
{"level":"info","message":"Post.New Project","timestamp":"2014-10-27T00:25:51.059Z"}
{"level":"info","message":"Get. /544d910f3ea7ef00006c1ca3","timestamp":"2014-10-27T00:25:51.077Z"}
{"level":"error","message":"404: Page Not Found!!","timestamp":"2014-10-27T00:25:57.970Z"}
{"level":"info","message":"Post.New Project","timestamp":"2014-10-27T00:25:58.001Z"}
{"level":"info","message":"Get. /544d9116c45d47000057db42","timestamp":"2014-10-27T00:25:58.018Z"}
{"level":"error","message":"404: Page Not Found!!","timestamp":"2014-10-27T00:26:07.319Z"}
{"level":"info","message":"Post.New Project","timestamp":"2014-10-27T00:26:07.347Z"}
{"level":"info","message":"Get. /544d911fd6b83500002be36d","timestamp":"2014-10-27T00:26:07.365Z"}
{"level":"error","message":"404: Page Not Found!!","timestamp":"2014-10-27T00:26:09.708Z"}
{"level":"info","message":"Post.New Project","timestamp":"2014-10-27T00:26:09.742Z"}
{"level":"info","message":"Get. /544d9121d2abc100004ebe8c","timestamp":"2014-10-27T00:26:09.763Z"}
{"level":"error","message":"404: Page Not Found!!","timestamp":"2014-10-27T00:27:26.365Z"}
{"level":"info","message":"Post.New Project","timestamp":"2014-10-27T00:27:26.399Z"}
{"level":"info","message":"Get. /544d916e4142f700009623d5","timestamp":"2014-10-27T00:27:26.417Z"}
{"level":"error","message":"404: Page Not Found!!","timestamp":"2014-10-27T00:27:29.236Z"}
{"level":"info","message":"Post.New Project","timestamp":"2014-10-27T00:27:29.264Z"}
{"level":"info","message":"Get. /544d91710e61a3000059e0ed","timestamp":"2014-10-27T00:27:29.281Z"}
{"level":"error","message":"404: Page Not Found!!","timestamp":"2014-10-27T00:28:19.733Z"}
{"level":"info","message":"Post.New Project","timestamp":"2014-10-27T00:28:19.766Z"}
{"level":"info","message":"Get. /544d91a39fe12600000be78b","timestamp":"2014-10-27T00:28:19.784Z"}
{"level":"error","message":"404: Page Not Found!!","timestamp":"2014-10-27T00:28:41.018Z"}
{"level":"info","message":"Post.New Project","timestamp":"2014-10-27T00:28:41.049Z"}
{"level":"info","message":"Get. /544d91b98cd9e900003bd319","timestamp":"2014-10-27T00:28:41.067Z"}
{"level":"error","message":"404: Page Not Found!!","timestamp":"2014-10-27T00:28:43.914Z"}
{"level":"info","message":"Post.New Project","timestamp":"2014-10-27T00:28:43.949Z"}
{"level":"info","message":"Get. /544d91bb5d44230000a7c999","timestamp":"2014-10-27T00:28:43.967Z"}
{"level":"error","message":"404: Page Not Found!!","timestamp":"2014-10-27T00:28:45.686Z"}
{"level":"info","message":"Post.New Project","timestamp":"2014-10-27T00:28:45.720Z"}
{"level":"info","message":"Get. /544d91bd742bd4000071e289","timestamp":"2014-10-27T00:28:45.742Z"}
{"level":"error","message":"404: Page Not Found!!","timestamp":"2014-10-27T00:28:47.969Z"}
{"level":"info","message":"Post.New Project","timestamp":"2014-10-27T00:28:48.002Z"}
{"level":"info","message":"Get. /544d91c0d39c740000ac9d5f","timestamp":"2014-10-27T00:28:48.020Z"}
{"level":"error","message":"404: Page Not Found!!","timestamp":"2014-10-28T02:04:04.463Z"}
{"level":"info","message":"Post.New Project","timestamp":"2014-10-28T02:04:04.975Z"}
{"level":"info","message":"Get. /544ef9955334c80000580431","timestamp":"2014-10-28T02:04:05.024Z"}
{"level":"error","message":"404: Page Not Found!!","timestamp":"2014-10-28T02:04:20.957Z"}
{"level":"info","message":"Post.New Project","timestamp":"2014-10-28T02:04:20.991Z"}
{"level":"info","message":"Get. /544ef9a510fced0000f873a3","timestamp":"2014-10-28T02:04:21.010Z"}
{"level":"error","message":"404: Page Not Found!!","timestamp":"2014-10-28T02:04:21.017Z"}
{"level":"error","message":"404: Page Not Found!!","timestamp":"2014-10-28T02:19:43.673Z"}
{"level":"info","message":"Post.New Project","timestamp":"2014-10-28T02:19:43.698Z"}
{"level":"info","message":"Get. /544efd3f26661d0000039ff8","timestamp":"2014-10-28T02:19:43.716Z"}
{"level":"info","message":"Put. /544efd3f26661d0000039ff9","timestamp":"2014-10-28T02:19:43.724Z"}
{"level":"error","message":"404: Page Not Found!!","timestamp":"2014-10-28T02:20:35.219Z"}
{"level":"info","message":"Post.New Project","timestamp":"2014-10-28T02:20:35.250Z"}
{"level":"info","message":"Get. /544efd73b8adac000001a18f","timestamp":"2014-10-28T02:20:35.267Z"}
{"level":"info","message":"Put. /544efd73b8adac000001a190","timestamp":"2014-10-28T02:20:35.273Z"}
{"level":"error","message":"404: Page Not Found!!","timestamp":"2014-10-28T02:23:03.373Z"}
{"level":"info","message":"Post.New Project","timestamp":"2014-10-28T02:23:03.399Z"}
{"level":"info","message":"Get. /544efe07d0e0930000c4d5b7","timestamp":"2014-10-28T02:23:03.417Z"}
{"level":"info","message":"Put. /544efe07d0e0930000c4d5b8","timestamp":"2014-10-28T02:23:03.426Z"}
{"level":"error","message":"404: Page Not Found!!","timestamp":"2014-10-28T02:25:42.789Z"}
{"level":"info","message":"Post.New Project","timestamp":"2014-10-28T02:25:42.815Z"}
{"level":"info","message":"Get. /544efea6cf5f4f0000e28513","timestamp":"2014-10-28T02:25:42.833Z"}
{"level":"info","message":"Put. /544efea6cf5f4f0000e28514","timestamp":"2014-10-28T02:25:42.840Z"}
{"level":"error","message":"404: Page Not Found!!","timestamp":"2014-10-28T02:27:38.815Z"}
{"level":"info","message":"Post.New Project","timestamp":"2014-10-28T02:27:38.839Z"}
{"level":"info","message":"Get. /544eff1ad059170000b99242","timestamp":"2014-10-28T02:27:38.857Z"}
{"level":"info","message":"Put. /544eff1ad059170000b99243","timestamp":"2014-10-28T02:27:38.868Z"}
{"level":"error","message":"404: Page Not Found!!","timestamp":"2014-10-28T02:28:22.890Z"}
{"level":"info","message":"Post.New Project","timestamp":"2014-10-28T02:28:22.915Z"}
{"level":"info","message":"Get. /544eff464a22b4000035fa75","timestamp":"2014-10-28T02:28:22.933Z"}
{"level":"info","message":"Put. /544eff464a22b4000035fa76","timestamp":"2014-10-28T02:28:22.941Z"}
{"level":"error","message":"404: Page Not Found!!","timestamp":"2014-10-28T02:30:22.927Z"}
{"level":"info","message":"Post.New Project","timestamp":"2014-10-28T02:30:22.954Z"}
{"level":"info","message":"Get. /544effbeffc1f900005fceb7","timestamp":"2014-10-28T02:30:22.972Z"}
{"level":"info","message":"Put. /544effbeffc1f900005fceb8","timestamp":"2014-10-28T02:30:22.981Z"}
{"level":"error","message":"404: Page Not Found!!","timestamp":"2014-10-28T02:32:01.057Z"}
{"level":"info","message":"Post.New Project","timestamp":"2014-10-28T02:32:01.086Z"}
{"level":"info","message":"Get. /544f00216e235000006ea924","timestamp":"2014-10-28T02:32:01.103Z"}
{"level":"info","message":"Put. /544f00216e235000006ea925","timestamp":"2014-10-28T02:32:01.111Z"}
{"level":"error","message":"404: Page Not Found!!","timestamp":"2014-10-28T02:33:09.543Z"}
{"level":"info","message":"Post.New Project","timestamp":"2014-10-28T02:33:09.569Z"}
{"level":"info","message":"Get. /544f006577469d0000b4c2e6","timestamp":"2014-10-28T02:33:09.587Z"}
{"level":"info","message":"Put. /544f006577469d0000b4c2e7","timestamp":"2014-10-28T02:33:09.595Z"}
{"level":"error","message":"404: Page Not Found!!","timestamp":"2014-10-28T02:33:28.153Z"}
{"level":"info","message":"Post.New Project","timestamp":"2014-10-28T02:33:28.179Z"}
{"level":"info","message":"Get. /544f0078bba8120000b96ec1","timestamp":"2014-10-28T02:33:28.197Z"}
{"level":"info","message":"Put. /544f0078bba8120000b96ec2","timestamp":"2014-10-28T02:33:28.206Z"}
{"level":"error","message":"404: Page Not Found!!","timestamp":"2014-10-28T02:33:44.842Z"}
{"level":"info","message":"Post.New Project","timestamp":"2014-10-28T02:33:44.865Z"}
{"level":"info","message":"Get. /544f0088018ec80000c6407a","timestamp":"2014-10-28T02:33:44.882Z"}
{"level":"info","message":"Put. /544f0088018ec80000c6407b","timestamp":"2014-10-28T02:33:44.889Z"}
{"level":"error","message":"404: Page Not Found!!","timestamp":"2014-10-28T02:33:52.879Z"}
{"level":"info","message":"Post.New Project","timestamp":"2014-10-28T02:33:52.936Z"}
{"level":"info","message":"Get. /544f009086c52900004057a4","timestamp":"2014-10-28T02:33:52.954Z"}
{"level":"info","message":"Put. /544f009086c52900004057a5","timestamp":"2014-10-28T02:33:52.960Z"}
{"level":"error","message":"404: Page Not Found!!","timestamp":"2014-10-28T02:36:23.979Z"}
{"level":"info","message":"Post.New Project","timestamp":"2014-10-28T02:36:24.005Z"}
{"level":"info","message":"Get. /544f0128dc77d300000f2cef","timestamp":"2014-10-28T02:36:24.022Z"}
{"level":"info","message":"Put. /544f0128dc77d300000f2cf0","timestamp":"2014-10-28T02:36:24.030Z"}
{"level":"error","message":"404: Page Not Found!!","timestamp":"2014-10-28T02:38:15.469Z"}
{"level":"info","message":"Post.New Project","timestamp":"2014-10-28T02:38:15.497Z"}
{"level":"info","message":"Get. /544f019711269f00006a1f9d","timestamp":"2014-10-28T02:38:15.515Z"}
{"level":"info","message":"Put. /544f019711269f00006a1f9e","timestamp":"2014-10-28T02:38:15.523Z"}
{"level":"error","message":"404: Page Not Found!!","timestamp":"2014-10-28T02:39:33.237Z"}
{"level":"info","message":"Post.New Project","timestamp":"2014-10-28T02:39:33.272Z"}
{"level":"info","message":"Get. /544f01e5a5c3780000c73ec2","timestamp":"2014-10-28T02:39:33.289Z"}
{"level":"info","message":"Put. /544f01e5a5c3780000c73ec3","timestamp":"2014-10-28T02:39:33.295Z"}
{"level":"error","message":"404: Page Not Found!!","timestamp":"2014-10-28T02:40:14.443Z"}
{"level":"info","message":"Post.New Project","timestamp":"2014-10-28T02:40:14.469Z"}
{"level":"info","message":"Get. /544f020ec824bc00007383e2","timestamp":"2014-10-28T02:40:14.487Z"}
{"level":"info","message":"Put. /544f020ec824bc00007383e3","timestamp":"2014-10-28T02:40:14.495Z"}
{"level":"error","message":"404: Page Not Found!!","timestamp":"2014-10-28T02:40:46.173Z"}
{"level":"info","message":"Post.New Project","timestamp":"2014-10-28T02:40:46.205Z"}
{"level":"info","message":"Get. /544f022ec25c780000dad272","timestamp":"2014-10-28T02:40:46.224Z"}
{"level":"info","message":"Put. /544f022ec25c780000dad273","timestamp":"2014-10-28T02:40:46.231Z"}
{"level":"error","message":"404: Page Not Found!!","timestamp":"2014-10-28T02:40:53.418Z"}
{"level":"info","message":"Post.New Project","timestamp":"2014-10-28T02:40:53.444Z"}
{"level":"info","message":"Get. /544f0235f6e49d0000bda0ea","timestamp":"2014-10-28T02:40:53.462Z"}
{"level":"info","message":"Put. /544f0235f6e49d0000bda0eb","timestamp":"2014-10-28T02:40:53.470Z"}
{"level":"error","message":"404: Page Not Found!!","timestamp":"2014-10-29T01:16:08.510Z"}
{"level":"info","message":"Post.New Project","timestamp":"2014-10-29T01:16:08.913Z"}
{"level":"info","message":"Get. /54503fd9f4e479000015b18e","timestamp":"2014-10-29T01:16:09.022Z"}
{"level":"info","message":"Put. /54503fd9f4e479000015b18f","timestamp":"2014-10-29T01:16:09.029Z"}
{"level":"error","message":"404: Page Not Found!!","timestamp":"2014-10-29T01:16:11.033Z"}
{"level":"error","message":"404: Page Not Found!!","timestamp":"2014-10-29T01:16:29.756Z"}
{"level":"info","message":"Post.New Project","timestamp":"2014-10-29T01:16:29.786Z"}
{"level":"info","message":"Get. /54503fed28d6c80000dcc222","timestamp":"2014-10-29T01:16:29.804Z"}
{"level":"info","message":"Put. /54503fed28d6c80000dcc223","timestamp":"2014-10-29T01:16:29.812Z"}
{"level":"error","message":"404: Page Not Found!!","timestamp":"2014-10-29T01:16:31.818Z"}
{"level":"error","message":"404: Page Not Found!!","timestamp":"2014-10-29T01:20:10.281Z"}
{"level":"info","message":"Post.New Project","timestamp":"2014-10-29T01:20:10.306Z"}
{"level":"info","message":"Get. /545040ca879a4a0000424395","timestamp":"2014-10-29T01:20:10.324Z"}
{"level":"info","message":"Put. /545040ca879a4a0000424396","timestamp":"2014-10-29T01:20:10.331Z"}
{"level":"error","message":"404: Page Not Found!!","timestamp":"2014-10-29T01:20:12.337Z"}
{"level":"error","message":"404: Page Not Found!!","timestamp":"2014-10-29T01:21:09.161Z"}
{"level":"info","message":"Post.New Project","timestamp":"2014-10-29T01:21:09.196Z"}
{"level":"info","message":"Get. /5450410506b0c00000591704","timestamp":"2014-10-29T01:21:09.215Z"}
{"level":"info","message":"Put. /5450410506b0c00000591705","timestamp":"2014-10-29T01:21:09.223Z"}
{"level":"error","message":"404: Page Not Found!!","timestamp":"2014-10-29T01:21:11.228Z"}
{"level":"error","message":"404: Page Not Found!!","timestamp":"2014-10-29T01:21:27.042Z"}
{"level":"info","message":"Post.New Project","timestamp":"2014-10-29T01:21:27.076Z"}
{"level":"info","message":"Get. /5450411765b07400006b3ba4","timestamp":"2014-10-29T01:21:27.094Z"}
{"level":"info","message":"Put. /5450411765b07400006b3ba5","timestamp":"2014-10-29T01:21:27.103Z"}
{"level":"error","message":"404: Page Not Found!!","timestamp":"2014-10-29T01:21:29.109Z"}
{"level":"error","message":"404: Page Not Found!!","timestamp":"2014-10-29T01:22:00.779Z"}
{"level":"info","message":"Post.New Project","timestamp":"2014-10-29T01:22:00.807Z"}
{"level":"info","message":"Get. /54504138936041000021694c","timestamp":"2014-10-29T01:22:00.825Z"}
{"level":"info","message":"Put. /54504138936041000021694d","timestamp":"2014-10-29T01:22:00.832Z"}
{"level":"info","message":"Delete. NaN","timestamp":"2014-10-29T01:22:02.838Z"}
{"level":"error","message":"404: Page Not Found!!","timestamp":"2014-10-29T01:23:00.980Z"}
{"level":"info","message":"Post.New Project","timestamp":"2014-10-29T01:23:01.014Z"}
{"level":"info","message":"Get. /545041754e97720000f42757","timestamp":"2014-10-29T01:23:01.034Z"}
{"level":"info","message":"Put. /545041754e97720000f42758","timestamp":"2014-10-29T01:23:01.042Z"}
{"level":"error","message":"404: Page Not Found!!","timestamp":"2014-10-29T01:23:24.924Z"}
{"level":"info","message":"Post.New Project","timestamp":"2014-10-29T01:23:24.952Z"}
{"level":"info","message":"Get. /5450418c10f34b0000e2b199","timestamp":"2014-10-29T01:23:24.971Z"}
{"level":"info","message":"Put. /5450418c10f34b0000e2b19a","timestamp":"2014-10-29T01:23:24.979Z"}
{"level":"error","message":"404: Page Not Found!!","timestamp":"2014-10-29T01:25:50.294Z"}
{"level":"info","message":"Post.New Project","timestamp":"2014-10-29T01:25:50.322Z"}
{"level":"info","message":"Get. /5450421eee3d320000ed7c28","timestamp":"2014-10-29T01:25:50.340Z"}
{"level":"info","message":"Put. /5450421eee3d320000ed7c29","timestamp":"2014-10-29T01:25:50.349Z"}
{"level":"info","message":"IN PROJECT SERV PUT CALLBACK","timestamp":"2014-10-29T01:25:50.355Z"}
{"level":"error","message":"404: Page Not Found!!","timestamp":"2014-10-29T01:26:32.493Z"}
{"level":"info","message":"Post.New Project","timestamp":"2014-10-29T01:26:32.534Z"}
{"level":"info","message":"Get. /54504248b6e5ef00004abfe3","timestamp":"2014-10-29T01:26:32.552Z"}
{"level":"info","message":"Put. /54504248b6e5ef00004abfe4","timestamp":"2014-10-29T01:26:32.560Z"}
{"level":"info","message":"IN PROJECT SERV PUT CALLBACK","timestamp":"2014-10-29T01:26:32.565Z"}
{"level":"error","message":"404: Page Not Found!!","timestamp":"2014-10-29T01:26:56.583Z"}
{"level":"info","message":"Post.New Project","timestamp":"2014-10-29T01:26:56.608Z"}
{"level":"info","message":"Get. /54504260661e17000066a6c4","timestamp":"2014-10-29T01:26:56.626Z"}
{"level":"info","message":"Put. /54504260661e17000066a6c5","timestamp":"2014-10-29T01:26:56.635Z"}
{"level":"info","message":"IN PROJECT SERV PUT CALLBACK","timestamp":"2014-10-29T01:26:56.640Z"}
{"level":"error","message":"404: Page Not Found!!","timestamp":"2014-10-29T01:31:16.645Z"}
{"level":"info","message":"Post.New Project","timestamp":"2014-10-29T01:31:16.680Z"}
{"level":"info","message":"Get. /5450436432022100000af709","timestamp":"2014-10-29T01:31:16.696Z"}
{"level":"info","message":"Put. /5450436432022100000af70a","timestamp":"2014-10-29T01:31:16.703Z"}
{"level":"info","message":"IN PROJECT SERV PUT CALLBACK","timestamp":"2014-10-29T01:31:16.706Z"}
{"level":"info","message":"Delete. NaN","timestamp":"2014-10-29T01:31:16.710Z"}
{"level":"error","message":"404: Page Not Found!!","timestamp":"2014-10-29T01:32:16.746Z"}
{"level":"info","message":"Post.New Project","timestamp":"2014-10-29T01:32:16.780Z"}
{"level":"info","message":"Get. /545043a04d2db2000003ec67","timestamp":"2014-10-29T01:32:16.798Z"}
{"level":"info","message":"Put. /545043a04d2db2000003ec68","timestamp":"2014-10-29T01:32:16.806Z"}
{"level":"info","message":"IN PROJECT SERV PUT CALLBACK","timestamp":"2014-10-29T01:32:16.810Z"}
{"level":"info","message":"Delete. /545043a04d2db2000003ec69","timestamp":"2014-10-29T01:32:16.815Z"}
{"level":"error","message":"404: Page Not Found!!","timestamp":"2014-10-29T01:32:40.815Z"}
{"level":"info","message":"Post.New Project","timestamp":"2014-10-29T01:32:40.849Z"}
{"level":"info","message":"Get. /545043b844dfb300003aac8e","timestamp":"2014-10-29T01:32:40.866Z"}
{"level":"info","message":"Put. /545043b844dfb300003aac8f","timestamp":"2014-10-29T01:32:40.872Z"}
{"level":"info","message":"IN PROJECT SERV PUT CALLBACK","timestamp":"2014-10-29T01:32:40.875Z"}
{"level":"info","message":"Delete. /545043b844dfb300003aac90","timestamp":"2014-10-29T01:32:40.879Z"}
{"level":"error","message":"404: Page Not Found!!","timestamp":"2014-10-29T01:33:15.699Z"}
{"level":"info","message":"Post.New Project","timestamp":"2014-10-29T01:33:15.733Z"}
{"level":"info","message":"Get. /545043db3ac7d0000045cb79","timestamp":"2014-10-29T01:33:15.751Z"}
{"level":"info","message":"Put. /545043db3ac7d0000045cb7a","timestamp":"2014-10-29T01:33:15.759Z"}
{"level":"info","message":"IN PROJECT SERV PUT CALLBACK","timestamp":"2014-10-29T01:33:15.763Z"}
{"level":"info","message":"Delete. /545043db3ac7d0000045cb7b","timestamp":"2014-10-29T01:33:15.768Z"}
{"level":"error","message":"404: Page Not Found!!","timestamp":"2014-11-02T22:18:11.181Z"}
{"level":"info","message":"Post.New Project","timestamp":"2014-11-02T22:18:13.191Z"}
{"level":"info","message":"Get. /5456ada53b61dcf175b50ecb","timestamp":"2014-11-02T22:18:13.237Z"}
{"level":"info","message":"Put. /5456ada53b61dcf175b50ecc","timestamp":"2014-11-02T22:18:13.245Z"}
{"level":"info","message":"IN PROJECT SERV PUT CALLBACK","timestamp":"2014-11-02T22:18:13.249Z"}
{"level":"info","message":"Delete. /5456ada53b61dcf175b50ecd","timestamp":"2014-11-02T22:18:13.253Z"}
{"level":"error","message":"404: Page Not Found!!","timestamp":"2014-11-02T22:20:33.234Z"}
{"level":"info","message":"Post.New Project","timestamp":"2014-11-02T22:20:34.159Z"}
{"level":"info","message":"Get. /5456ae3289c491087633324e","timestamp":"2014-11-02T22:20:34.177Z"}
{"level":"info","message":"Put. /5456ae3289c491087633324f","timestamp":"2014-11-02T22:20:34.185Z"}
{"level":"info","message":"IN PROJECT SERV PUT CALLBACK","timestamp":"2014-11-02T22:20:34.189Z"}
{"level":"info","message":"Delete. /5456ae3289c4910876333251","timestamp":"2014-11-02T22:20:34.200Z"}
{"level":"error","message":"404: Page Not Found!!","timestamp":"2014-11-02T22:20:56.488Z"}
{"level":"info","message":"Post.New Project","timestamp":"2014-11-02T22:20:56.520Z"}
{"level":"info","message":"Get. /5456ae481af84d1276bb251d","timestamp":"2014-11-02T22:20:56.539Z"}
{"level":"info","message":"Put. /5456ae481af84d1276bb251e","timestamp":"2014-11-02T22:20:56.546Z"}
{"level":"info","message":"IN PROJECT SERV PUT CALLBACK","timestamp":"2014-11-02T22:20:56.549Z"}
{"level":"info","message":"Request. /?user=mrichard","timestamp":"2014-11-02T22:20:56.555Z"}
{"level":"info","message":"Delete. /5456ae481af84d1276bb2520","timestamp":"2014-11-02T22:20:56.560Z"}
{"level":"error","message":"404: Page Not Found!!","timestamp":"2014-11-10T01:16:24.061Z"}
{"level":"info","message":"Post.New Project","timestamp":"2014-11-10T01:16:24.253Z"}
{"level":"info","message":"Get. /546011e806bb5d00002c3338","timestamp":"2014-11-10T01:16:24.268Z"}
{"level":"info","message":"Put. /546011e806bb5d00002c3339","timestamp":"2014-11-10T01:16:24.273Z"}
{"level":"info","message":"IN PROJECT SERV PUT CALLBACK","timestamp":"2014-11-10T01:16:24.277Z"}
{"level":"info","message":"Request. /?user=mrichard","timestamp":"2014-11-10T01:16:24.282Z"}
{"level":"info","message":"Delete. /546011e806bb5d00002c333b","timestamp":"2014-11-10T01:16:24.286Z"}
{"level":"error","message":"404: Page Not Found!!","timestamp":"2014-11-10T01:17:14.469Z"}
{"level":"info","message":"Post.New Project","timestamp":"2014-11-10T01:17:14.489Z"}
{"level":"info","message":"Get. /5460121a4939100000ee49ab","timestamp":"2014-11-10T01:17:14.503Z"}
{"level":"info","message":"Put. /5460121a4939100000ee49ac","timestamp":"2014-11-10T01:17:14.508Z"}
{"level":"info","message":"IN PROJECT SERV PUT CALLBACK","timestamp":"2014-11-10T01:17:14.512Z"}
{"level":"info","message":"Request. /?user=mrichard","timestamp":"2014-11-10T01:17:14.517Z"}
{"level":"info","message":"Delete. /5460121a4939100000ee49ae","timestamp":"2014-11-10T01:17:14.521Z"}
{"level":"error","message":"404: Page Not Found!!","timestamp":"2014-11-10T01:17:42.108Z"}
{"level":"info","message":"Post.New Project","timestamp":"2014-11-10T01:17:42.127Z"}
{"level":"info","message":"Get. /5460123605132900007d0b85","timestamp":"2014-11-10T01:17:42.142Z"}
{"level":"info","message":"Put. /5460123605132900007d0b86","timestamp":"2014-11-10T01:17:42.148Z"}
{"level":"info","message":"IN PROJECT SERV PUT CALLBACK","timestamp":"2014-11-10T01:17:42.152Z"}
{"level":"info","message":"Request. /?user=mrichard","timestamp":"2014-11-10T01:17:42.156Z"}
{"level":"info","message":"Delete. /5460123605132900007d0b88","timestamp":"2014-11-10T01:17:42.161Z"}
{"level":"info","message":"Github Request./","timestamp":"2014-11-10T01:23:24.349Z"}
{"level":"error","message":"404: Page Not Found!!","timestamp":"2014-11-10T01:23:25.114Z"}
{"level":"info","message":"Post.New Project","timestamp":"2014-11-10T01:23:25.129Z"}
{"level":"info","message":"Get. /5460138da5d384000011ca8a","timestamp":"2014-11-10T01:23:25.141Z"}
{"level":"info","message":"Put. /5460138da5d384000011ca8b","timestamp":"2014-11-10T01:23:25.148Z"}
{"level":"info","message":"IN PROJECT SERV PUT CALLBACK","timestamp":"2014-11-10T01:23:25.151Z"}
{"level":"info","message":"Request. /?user=mrichard","timestamp":"2014-11-10T01:23:25.156Z"}
{"level":"info","message":"Delete. /5460138da5d384000011ca8d","timestamp":"2014-11-10T01:23:25.160Z"}
{"level":"info","message":"Github Request./","timestamp":"2014-11-10T01:23:53.680Z"}
{"level":"error","message":"404: Page Not Found!!","timestamp":"2014-11-10T01:23:54.865Z"}
{"level":"info","message":"Post.New Project","timestamp":"2014-11-10T01:23:54.880Z"}
{"level":"info","message":"Get. /546013aaeef3e20000cd41ad","timestamp":"2014-11-10T01:23:54.890Z"}
{"level":"info","message":"Put. /546013aaeef3e20000cd41ae","timestamp":"2014-11-10T01:23:54.897Z"}
{"level":"info","message":"IN PROJECT SERV PUT CALLBACK","timestamp":"2014-11-10T01:23:54.901Z"}
{"level":"info","message":"Request. /?user=mrichard","timestamp":"2014-11-10T01:23:54.905Z"}
{"level":"info","message":"Delete. /546013aaeef3e20000cd41b0","timestamp":"2014-11-10T01:23:54.911Z"}
{"level":"info","message":"Github Request./","timestamp":"2014-11-10T01:25:10.795Z"}
{"level":"error","message":"404: Page Not Found!!","timestamp":"2014-11-10T01:25:11.510Z"}
{"level":"info","message":"Post.New Project","timestamp":"2014-11-10T01:25:11.523Z"}
{"level":"info","message":"Get. /546013f799052600005252da","timestamp":"2014-11-10T01:25:11.553Z"}
{"level":"info","message":"Put. /546013f799052600005252db","timestamp":"2014-11-10T01:25:11.561Z"}
{"level":"info","message":"IN PROJECT SERV PUT CALLBACK","timestamp":"2014-11-10T01:25:11.565Z"}
{"level":"info","message":"Request. /?user=mrichard","timestamp":"2014-11-10T01:25:11.569Z"}
{"level":"info","message":"Delete. /546013f799052600005252dd","timestamp":"2014-11-10T01:25:11.574Z"}
{"level":"info","message":"Github Request.[object Object]","timestamp":"2014-11-10T01:28:35.299Z"}
{"level":"error","message":"404: Page Not Found!!","timestamp":"2014-11-10T01:28:35.990Z"}
{"level":"info","message":"Post.New Project","timestamp":"2014-11-10T01:28:36.005Z"}
{"level":"info","message":"Get. /546014c444d8a70000ee02b7","timestamp":"2014-11-10T01:28:36.016Z"}
{"level":"info","message":"Put. /546014c444d8a70000ee02b8","timestamp":"2014-11-10T01:28:36.023Z"}
{"level":"info","message":"IN PROJECT SERV PUT CALLBACK","timestamp":"2014-11-10T01:28:36.027Z"}
{"level":"info","message":"Request. /?user=mrichard","timestamp":"2014-11-10T01:28:36.031Z"}
{"level":"info","message":"Delete. /546014c444d8a70000ee02ba","timestamp":"2014-11-10T01:28:36.036Z"}
{"level":"info","message":"Github Request./","timestamp":"2014-11-10T01:29:12.931Z"}
{"_readableState":{"highWaterMark":16384,"buffer":[],"length":0,"pipes":null,"pipesCount":0,"flowing":false,"ended":false,"endEmitted":false,"reading":false,"calledRead":false,"sync":true,"needReadable":false,"emittedReadable":false,"readableListening":false,"objectMode":false,"defaultEncoding":"utf8","ranOut":false,"awaitDrain":0,"readingMore":false,"decoder":null,"encoding":null},"readable":true,"domain":null,"_events":{},"_maxListeners":10,"socket":{"_connecting":false,"_handle":{"fd":22,"writeQueueSize":0,"owner":{"$ref":"$[\"socket\"]"},"reading":true},"_readableState":{"highWaterMark":16384,"buffer":[],"length":0,"pipes":null,"pipesCount":0,"flowing":false,"ended":false,"endEmitted":false,"reading":true,"calledRead":true,"sync":false,"needReadable":true,"emittedReadable":false,"readableListening":false,"objectMode":false,"defaultEncoding":"utf8","ranOut":false,"awaitDrain":0,"readingMore":false,"decoder":null,"encoding":null},"readable":true,"domain":null,"_events":{"drain":[null,null],"close":[null,null]},"_maxListeners":10,"_writableState":{"highWaterMark":16384,"objectMode":false,"needDrain":false,"ending":false,"ended":false,"finished":false,"decodeStrings":false,"defaultEncoding":"utf8","length":0,"writing":false,"sync":true,"bufferProcessing":false,"writecb":null,"writelen":0,"buffer":[],"errorEmitted":false},"writable":true,"allowHalfOpen":true,"destroyed":false,"bytesRead":166,"_bytesDispatched":0,"_pendingData":null,"_pendingEncoding":"","server":{"domain":null,"_events":{},"_maxListeners":10,"_connections":1,"connections":1,"_handle":{"fd":20,"writeQueueSize":0,"owner":{"$ref":"$[\"socket\"][\"server\"]"}},"_usingSlaves":false,"_slaves":[],"allowHalfOpen":true,"httpAllowHalfOpen":false,"timeout":120000,"_connectionKey":"4:0.0.0.0:0"},"_idleTimeout":120000,"_idleNext":{"_idleNext":{"$ref":"$[\"socket\"]"},"_idlePrev":{"$ref":"$[\"socket\"]"}},"_idlePrev":{"$ref":"$[\"socket\"][\"_idleNext\"]"},"_idleStart":1415582952926,"_monotonicStartTime":339236848,"parser":{"_headers":[],"_url":"","socket":{"$ref":"$[\"socket\"]"},"incoming":{"$ref":"$"},"maxHeaderPairs":2000},"_paused":false,"_httpMessage":{"domain":null,"_events":{},"_maxListeners":10,"output":[],"outputEncodings":[],"writable":true,"_last":false,"chunkedEncoding":false,"shouldKeepAlive":false,"useChunkedEncodingByDefault":true,"sendDate":true,"_headerSent":false,"_header":"","_hasBody":true,"_trailer":"","finished":false,"_hangupClose":false,"socket":{"$ref":"$[\"socket\"]"},"connection":{"$ref":"$[\"socket\"]"},"_headers":{"x-powered-by":"Express"},"_headerNames":{"x-powered-by":"X-Powered-By"},"req":{"$ref":"$"},"locals":{}},"_peername":{"address":"127.0.0.1","family":"IPv4","port":57676}},"connection":{"$ref":"$[\"socket\"]"},"httpVersion":"1.1","complete":false,"headers":{"host":"127.0.0.1:57675","accept-encoding":"gzip, deflate","user-agent":"node-superagent/0.19.0","connection":"close"},"trailers":{},"_pendings":[],"_pendingIndex":0,"url":"/","method":"GET","statusCode":null,"client":{"$ref":"$[\"socket\"]"},"_consuming":false,"_dumped":false,"httpVersionMajor":1,"httpVersionMinor":1,"upgrade":false,"baseUrl":"/project/546014e8c4b83600007e858d/repos","originalUrl":"/project/546014e8c4b83600007e858d/repos","_parsedUrl":{"protocol":null,"slashes":null,"auth":null,"host":null,"port":null,"hostname":null,"hash":null,"search":null,"query":null,"pathname":"/","path":"/","href":"/","_raw":"/"},"params":{"id":"546014e8c4b83600007e858d"},"query":{},"res":{"$ref":"$[\"socket\"][\"_httpMessage\"]"},"body":{},"_startAt":[339236,850926957],"_startTime":"2014-11-10T01:29:12.928Z","_remoteAddress":"127.0.0.1","route":{"path":"/","stack":[{"name":"<anonymous>","keys":[],"regexp":{},"method":"get"}],"methods":{"get":true}},"level":"info","message":"","timestamp":"2014-11-10T01:29:12.946Z"}
{"level":"error","message":"404: Page Not Found!!","timestamp":"2014-11-10T01:29:14.016Z"}
{"level":"info","message":"Post.New Project","timestamp":"2014-11-10T01:29:14.031Z"}
{"level":"info","message":"Get. /546014eac4b83600007e8590","timestamp":"2014-11-10T01:29:14.043Z"}
{"level":"info","message":"Put. /546014eac4b83600007e8591","timestamp":"2014-11-10T01:29:14.048Z"}
{"level":"info","message":"IN PROJECT SERV PUT CALLBACK","timestamp":"2014-11-10T01:29:14.051Z"}
{"level":"info","message":"Request. /?user=mrichard","timestamp":"2014-11-10T01:29:14.056Z"}
{"level":"info","message":"Delete. /546014eac4b83600007e8593","timestamp":"2014-11-10T01:29:14.061Z"}
{"level":"info","message":"Github Request./","timestamp":"2014-11-10T01:31:12.021Z"}
{"level":"error","message":"404: Page Not Found!!","timestamp":"2014-11-10T01:31:12.710Z"}
{"level":"info","message":"Post.New Project","timestamp":"2014-11-10T01:31:12.723Z"}
{"level":"info","message":"Get. /54601560648f670000dcad4d","timestamp":"2014-11-10T01:31:12.734Z"}
{"level":"info","message":"Put. /54601560648f670000dcad4e","timestamp":"2014-11-10T01:31:12.739Z"}
{"level":"info","message":"IN PROJECT SERV PUT CALLBACK","timestamp":"2014-11-10T01:31:12.742Z"}
{"level":"info","message":"Request. /?user=mrichard","timestamp":"2014-11-10T01:31:12.747Z"}
{"level":"info","message":"Delete. /54601560648f670000dcad50","timestamp":"2014-11-10T01:31:12.754Z"}
{"level":"info","message":"Github Request./","timestamp":"2014-11-10T01:32:51.774Z"}
{"level":"error","message":"404: Page Not Found!!","timestamp":"2014-11-10T01:32:52.444Z"}
{"level":"info","message":"Post.New Project","timestamp":"2014-11-10T01:32:52.458Z"}
{"level":"info","message":"Get. /546015c49db1d300009434f1","timestamp":"2014-11-10T01:32:52.469Z"}
{"level":"info","message":"Put. /546015c49db1d300009434f2","timestamp":"2014-11-10T01:32:52.475Z"}
{"level":"info","message":"IN PROJECT SERV PUT CALLBACK","timestamp":"2014-11-10T01:32:52.479Z"}
{"level":"info","message":"Request. /?user=mrichard","timestamp":"2014-11-10T01:32:52.483Z"}
{"level":"info","message":"Delete. /546015c49db1d300009434f4","timestamp":"2014-11-10T01:32:52.488Z"}
{"level":"info","message":"Github Request./","timestamp":"2014-12-28T21:24:54.601Z"}
{"level":"error","message":"404: Page Not Found!!","timestamp":"2014-12-28T21:24:55.928Z"}
{"level":"info","message":"Post.New Project","timestamp":"2014-12-28T21:24:56.039Z"}
{"level":"info","message":"Get. /54a075286d27a9f4783d428e","timestamp":"2014-12-28T21:24:56.050Z"}
{"level":"info","message":"Put. /54a075286d27a9f4783d428f","timestamp":"2014-12-28T21:24:56.056Z"}
{"level":"info","message":"IN PROJECT SERV PUT CALLBACK","timestamp":"2014-12-28T21:24:56.060Z"}
{"level":"info","message":"Request. /?user=mrichard","timestamp":"2014-12-28T21:24:56.064Z"}
{"level":"info","message":"Delete. /54a075286d27a9f4783d4291","timestamp":"2014-12-28T21:24:56.069Z"}
{"level":"info","message":"Github Request./repos","timestamp":"2014-12-28T21:34:42.662Z"}
{"level":"error","message":"404: Page Not Found!!","timestamp":"2014-12-28T21:34:43.965Z"}
{"level":"info","message":"Post.New Project","timestamp":"2014-12-28T21:34:43.984Z"}
{"level":"info","message":"Get. /54a0777364163b9d79f45c7c","timestamp":"2014-12-28T21:34:43.995Z"}
{"level":"info","message":"Put. /54a0777364163b9d79f45c7d","timestamp":"2014-12-28T21:34:44.000Z"}
{"level":"info","message":"IN PROJECT SERV PUT CALLBACK","timestamp":"2014-12-28T21:34:44.004Z"}
{"level":"info","message":"Request. /?user=mrichard","timestamp":"2014-12-28T21:34:44.008Z"}
{"level":"info","message":"Delete. /54a0777464163b9d79f45c7f","timestamp":"2014-12-28T21:34:44.013Z"}
{"level":"info","message":"Github Request./repos","timestamp":"2014-12-28T21:37:10.446Z"}
{"level":"error","message":"404: Page Not Found!!","timestamp":"2014-12-28T21:37:11.780Z"}
{"level":"info","message":"Post.New Project","timestamp":"2014-12-28T21:37:11.795Z"}
{"level":"info","message":"Get. /54a0780717dfd7e779de7f84","timestamp":"2014-12-28T21:37:11.806Z"}
{"level":"info","message":"Put. /54a0780717dfd7e779de7f85","timestamp":"2014-12-28T21:37:11.812Z"}
{"level":"info","message":"IN PROJECT SERV PUT CALLBACK","timestamp":"2014-12-28T21:37:11.816Z"}
{"level":"info","message":"Request. /?user=mrichard","timestamp":"2014-12-28T21:37:11.821Z"}
{"level":"info","message":"Delete. /54a0780717dfd7e779de7f87","timestamp":"2014-12-28T21:37:11.827Z"}
